    Checking ambidex_survival v0.1.0 (/home/tchuong/Màn hình nền/ambidex_survival)
warning: this argument is passed by value, but not consumed in the function body
  --> src/systems/damage_text.rs:10:35
   |
10 | pub fn spawn_damage_text(trigger: On<DamageEvent>, mut commands: Commands) {
   |                                   ^^^^^^^^^^^^^^^
   |
   = help: for further information visit https://rust-lang.github.io/rust-clippy/rust-1.91.0/index.html#needless_pass_by_value
   = note: `-W clippy::needless-pass-by-value` implied by `-W clippy::pedantic`
   = help: to override `-W clippy::pedantic` add `#[allow(clippy::needless_pass_by_value)]`
help: consider taking a reference instead
   |
10 | pub fn spawn_damage_text(trigger: &On<DamageEvent>, mut commands: Commands) {
   |                                   +

warning: this argument is passed by value, but not consumed in the function body
  --> src/systems/damage_text.rs:80:11
   |
80 |     time: Res<Time>,
   |           ^^^^^^^^^
   |
   = help: for further information visit https://rust-lang.github.io/rust-clippy/rust-1.91.0/index.html#needless_pass_by_value
help: consider taking a reference instead
   |
80 |     time: &Res<Time>,
   |           +

warning: `ambidex_survival` (bin "ambidex_survival") generated 2 warnings
warning: `ambidex_survival` (bin "ambidex_survival" test) generated 2 warnings (2 duplicates)
    Finished `dev` profile [optimized + debuginfo] target(s) in 0.81s
